<?xml version="1.0" encoding="UTF-8"?>
<testng-results ignored="0" total="1" passed="1" failed="0" skipped="0">
  <reporter-output>
  </reporter-output>
  <suite started-at="2023-04-25T07:49:40 IST" name="SanityTest" finished-at="2023-04-25T07:50:38 IST" duration-ms="58291">
    <groups>
    </groups>
    <test started-at="2023-04-25T07:49:40 IST" name="chromeTest" finished-at="2023-04-25T07:50:38 IST" duration-ms="58291">
      <class name="testNGpack.VerifyPhone">
        <test-method is-config="true" signature="launchBrowser(java.lang.String)[pri:0, instance:testNGpack.VerifyPhone@3d74bf60]" started-at="2023-04-25T07:49:40 IST" name="launchBrowser" finished-at="2023-04-25T07:49:42 IST" duration-ms="2163" status="PASS">
          <params>
            <param index="0">
              <value>
                <![CDATA[chrome]]>
              </value>
            </param>
          </params>
          <reporter-output>
          </reporter-output>
        </test-method> <!-- launchBrowser -->
        <test-method is-config="true" signature="createPOMobject()[pri:0, instance:testNGpack.VerifyPhone@3d74bf60]" started-at="2023-04-25T07:49:42 IST" name="createPOMobject" finished-at="2023-04-25T07:49:42 IST" duration-ms="38" status="PASS">
          <reporter-output>
          </reporter-output>
        </test-method> <!-- createPOMobject -->
        <test-method is-config="true" signature="searchPhone()[pri:0, instance:testNGpack.VerifyPhone@3d74bf60]" started-at="2023-04-25T07:49:42 IST" name="searchPhone" finished-at="2023-04-25T07:49:48 IST" duration-ms="5605" status="PASS">
          <reporter-output>
          </reporter-output>
        </test-method> <!-- searchPhone -->
        <test-method signature="verifyTheProductOnFlipkart()[pri:0, instance:testNGpack.VerifyPhone@3d74bf60]" started-at="2023-04-25T07:49:48 IST" name="verifyTheProductOnFlipkart" finished-at="2023-04-25T07:50:38 IST" duration-ms="50145" status="PASS">
          <reporter-output>
          </reporter-output>
        </test-method> <!-- verifyTheProductOnFlipkart -->
        <test-method is-config="true" signature="afterTest()[pri:0, instance:testNGpack.VerifyPhone@3d74bf60]" started-at="2023-04-25T07:50:38 IST" name="afterTest" finished-at="2023-04-25T07:50:38 IST" duration-ms="288" status="PASS">
          <reporter-output>
          </reporter-output>
        </test-method> <!-- afterTest -->
        <test-method is-config="true" signature="afterMethod()[pri:0, instance:testNGpack.VerifyPhone@3d74bf60]" started-at="2023-04-25T07:50:38 IST" name="afterMethod" finished-at="2023-04-25T07:50:38 IST" duration-ms="0" status="PASS">
          <reporter-output>
          </reporter-output>
        </test-method> <!-- afterMethod -->
        <test-method is-config="true" signature="afterClass()[pri:0, instance:testNGpack.VerifyPhone@3d74bf60]" started-at="2023-04-25T07:50:38 IST" name="afterClass" finished-at="2023-04-25T07:50:38 IST" duration-ms="0" status="PASS">
          <reporter-output>
          </reporter-output>
        </test-method> <!-- afterClass -->
      </class> <!-- testNGpack.VerifyPhone -->
    </test> <!-- chromeTest -->
  </suite> <!-- SanityTest -->
</testng-results>
